<?xml version="1.0" encoding="UTF-8"?>
<robot generator="Robot 3.2.2 (Python 3.9.0 on win32)" generated="20201114 20:30:49.770" rpa="false">
<suite id="s1" name="Test" source="C:\QA Ninja\robot-framework\test.robot">
<test id="s1-t1" name="Deve retornar mensagem de boas vindas">
<kw name="Welcome" library="app">
<arguments>
<arg>Petherson</arg>
</arguments>
<assign>
<var>${result}</var>
</assign>
<msg timestamp="20201114 20:30:49.815" level="INFO">${result} = Olá Petherson, bem vindo ao curso básico de Robot Framework!!!</msg>
<status status="PASS" starttime="20201114 20:30:49.814" endtime="20201114 20:30:49.815"></status>
</kw>
<kw name="Should Be Equal" library="BuiltIn">
<doc>Fails if the given objects are unequal.</doc>
<arguments>
<arg>${result}</arg>
<arg>Olá Petherson, bem vindo ao curso básico de Robot Framework!!!</arg>
</arguments>
<status status="PASS" starttime="20201114 20:30:49.815" endtime="20201114 20:30:49.816"></status>
</kw>
<status status="PASS" starttime="20201114 20:30:49.813" endtime="20201114 20:30:49.816" critical="yes"></status>
</test>
<status status="PASS" starttime="20201114 20:30:49.772" endtime="20201114 20:30:49.819"></status>
</suite>
<statistics>
<total>
<stat pass="1" fail="0">Critical Tests</stat>
<stat pass="1" fail="0">All Tests</stat>
</total>
<tag>
</tag>
<suite>
<stat pass="1" fail="0" id="s1" name="Test">Test</stat>
</suite>
</statistics>
<errors>
</errors>
</robot>
