<?xml version="1.0" encoding="UTF-8"?>
<robot generator="Robot 3.2.2 (Python 3.9.0 on win32)" generated="20201114 23:17:32.436" rpa="false">
<suite id="s1" name="Radio" source="C:\QA Ninja\robot-framework\web\tests\radio.robot">
<test id="s1-t1" name="Selecionando por Id">
<kw name="Nova sessão" library="base" type="setup">
<kw name="Open Browser" library="SeleniumLibrary">
<doc>Opens a new browser instance to the optional ``url``.</doc>
<arguments>
<arg>${url}</arg>
<arg>chrome</arg>
</arguments>
<msg timestamp="20201114 23:17:32.767" level="INFO">Opening browser 'chrome' to base url 'https://training-wheels-protocol.herokuapp.com/'.</msg>
<status status="PASS" starttime="20201114 23:17:32.767" endtime="20201114 23:17:40.753"></status>
</kw>
<status status="PASS" starttime="20201114 23:17:32.767" endtime="20201114 23:17:40.754"></status>
</kw>
<kw name="Go To" library="SeleniumLibrary">
<doc>Navigates the current browser window to the provided ``url``.</doc>
<arguments>
<arg>${url}/radios</arg>
</arguments>
<msg timestamp="20201114 23:17:40.759" level="INFO">Opening url 'https://training-wheels-protocol.herokuapp.com//radios'</msg>
<status status="PASS" starttime="20201114 23:17:40.757" endtime="20201114 23:17:41.423"></status>
</kw>
<kw name="Select Radio Button" library="SeleniumLibrary">
<doc>Sets the radio button group ``group_name`` to ``value``.</doc>
<arguments>
<arg>movies</arg>
<arg>cap</arg>
</arguments>
<msg timestamp="20201114 23:17:41.425" level="INFO">Selecting 'cap' from radio button 'movies'.</msg>
<status status="PASS" starttime="20201114 23:17:41.424" endtime="20201114 23:17:41.527"></status>
</kw>
<kw name="Radio Button Should Be Set To" library="SeleniumLibrary">
<doc>Verifies radio button group ``group_name`` is set to ``value``.</doc>
<arguments>
<arg>movies</arg>
<arg>cap</arg>
</arguments>
<msg timestamp="20201114 23:17:41.528" level="INFO">Verifying radio button 'movies' has selection 'cap'.</msg>
<status status="PASS" starttime="20201114 23:17:41.528" endtime="20201114 23:17:41.563"></status>
</kw>
<kw name="Encerra sessão" library="base" type="teardown">
<kw name="Capture Page Screenshot" library="SeleniumLibrary">
<doc>Takes a screenshot of the current page and embeds it into a log file.</doc>
<msg timestamp="20201114 23:17:41.961" level="INFO" html="yes">&lt;/td&gt;&lt;/tr&gt;&lt;tr&gt;&lt;td colspan="3"&gt;&lt;a href="selenium-screenshot-2.png"&gt;&lt;img src="selenium-screenshot-2.png" width="800px"&gt;&lt;/a&gt;</msg>
<status status="PASS" starttime="20201114 23:17:41.565" endtime="20201114 23:17:41.961"></status>
</kw>
<kw name="Close Browser" library="SeleniumLibrary">
<doc>Closes the current browser.</doc>
<status status="PASS" starttime="20201114 23:17:41.961" endtime="20201114 23:17:44.316"></status>
</kw>
<status status="PASS" starttime="20201114 23:17:41.565" endtime="20201114 23:17:44.316"></status>
</kw>
<status status="PASS" starttime="20201114 23:17:32.766" endtime="20201114 23:17:44.318" critical="yes"></status>
</test>
<test id="s1-t2" name="Selecionando por Value">
<kw name="Nova sessão" library="base" type="setup">
<kw name="Open Browser" library="SeleniumLibrary">
<doc>Opens a new browser instance to the optional ``url``.</doc>
<arguments>
<arg>${url}</arg>
<arg>chrome</arg>
</arguments>
<msg timestamp="20201114 23:17:44.331" level="INFO">Opening browser 'chrome' to base url 'https://training-wheels-protocol.herokuapp.com/'.</msg>
<status status="PASS" starttime="20201114 23:17:44.330" endtime="20201114 23:17:51.172"></status>
</kw>
<status status="PASS" starttime="20201114 23:17:44.329" endtime="20201114 23:17:51.173"></status>
</kw>
<kw name="Go To" library="SeleniumLibrary">
<doc>Navigates the current browser window to the provided ``url``.</doc>
<arguments>
<arg>${url}/radios</arg>
</arguments>
<msg timestamp="20201114 23:17:51.176" level="INFO">Opening url 'https://training-wheels-protocol.herokuapp.com//radios'</msg>
<status status="PASS" starttime="20201114 23:17:51.175" endtime="20201114 23:17:51.780"></status>
</kw>
<kw name="Select Radio Button" library="SeleniumLibrary">
<doc>Sets the radio button group ``group_name`` to ``value``.</doc>
<arguments>
<arg>movies</arg>
<arg>guardians</arg>
</arguments>
<msg timestamp="20201114 23:17:51.782" level="INFO">Selecting 'guardians' from radio button 'movies'.</msg>
<status status="PASS" starttime="20201114 23:17:51.781" endtime="20201114 23:17:51.982"></status>
</kw>
<kw name="Radio Button Should Be Set To" library="SeleniumLibrary">
<doc>Verifies radio button group ``group_name`` is set to ``value``.</doc>
<arguments>
<arg>movies</arg>
<arg>guardians</arg>
</arguments>
<msg timestamp="20201114 23:17:51.985" level="INFO">Verifying radio button 'movies' has selection 'guardians'.</msg>
<status status="PASS" starttime="20201114 23:17:51.984" endtime="20201114 23:17:52.168"></status>
</kw>
<kw name="Encerra sessão" library="base" type="teardown">
<kw name="Capture Page Screenshot" library="SeleniumLibrary">
<doc>Takes a screenshot of the current page and embeds it into a log file.</doc>
<msg timestamp="20201114 23:17:52.549" level="INFO" html="yes">&lt;/td&gt;&lt;/tr&gt;&lt;tr&gt;&lt;td colspan="3"&gt;&lt;a href="selenium-screenshot-3.png"&gt;&lt;img src="selenium-screenshot-3.png" width="800px"&gt;&lt;/a&gt;</msg>
<status status="PASS" starttime="20201114 23:17:52.172" endtime="20201114 23:17:52.549"></status>
</kw>
<kw name="Close Browser" library="SeleniumLibrary">
<doc>Closes the current browser.</doc>
<status status="PASS" starttime="20201114 23:17:52.549" endtime="20201114 23:17:54.732"></status>
</kw>
<status status="PASS" starttime="20201114 23:17:52.171" endtime="20201114 23:17:54.732"></status>
</kw>
<status status="PASS" starttime="20201114 23:17:44.326" endtime="20201114 23:17:54.733" critical="yes"></status>
</test>
<status status="PASS" starttime="20201114 23:17:32.438" endtime="20201114 23:17:54.735"></status>
</suite>
<statistics>
<total>
<stat pass="2" fail="0">Critical Tests</stat>
<stat pass="2" fail="0">All Tests</stat>
</total>
<tag>
</tag>
<suite>
<stat pass="2" fail="0" id="s1" name="Radio">Radio</stat>
</suite>
</statistics>
<errors>
</errors>
</robot>
