<?xml version="1.0" encoding="UTF-8"?>
<robot generator="Robot 3.2.2 (Python 3.9.0 on win32)" generated="20201115 19:19:28.197" rpa="false">
<suite id="s1" name="Login Form" source="C:\QA Ninja\robot-framework\web\tests\login_form.robot">
<test id="s1-t1" name="Login com sucesso">
<kw name="Nova sessão" library="base" type="setup">
<kw name="Open Browser" library="SeleniumLibrary">
<doc>Opens a new browser instance to the optional ``url``.</doc>
<arguments>
<arg>${url}</arg>
<arg>chrome</arg>
</arguments>
<msg timestamp="20201115 19:19:28.462" level="INFO">Opening browser 'chrome' to base url 'https://training-wheels-protocol.herokuapp.com/'.</msg>
<status status="PASS" starttime="20201115 19:19:28.462" endtime="20201115 19:19:35.082"></status>
</kw>
<status status="PASS" starttime="20201115 19:19:28.462" endtime="20201115 19:19:35.082"></status>
</kw>
<kw name="Go To" library="SeleniumLibrary">
<doc>Navigates the current browser window to the provided ``url``.</doc>
<arguments>
<arg>${url}/login</arg>
</arguments>
<msg timestamp="20201115 19:19:35.083" level="INFO">Opening url 'https://training-wheels-protocol.herokuapp.com//login'</msg>
<status status="PASS" starttime="20201115 19:19:35.082" endtime="20201115 19:19:35.461"></status>
</kw>
<kw name="Login With">
<arguments>
<arg>stark</arg>
<arg>jarvis!</arg>
</arguments>
<kw name="Input Text" library="SeleniumLibrary">
<doc>Types the given ``text`` into the text field identified by ``locator``.</doc>
<arguments>
<arg>css:input[name=username]</arg>
<arg>${UName}</arg>
</arguments>
<msg timestamp="20201115 19:19:35.463" level="INFO">Typing text 'stark' into text field 'css:input[name=username]'.</msg>
<status status="PASS" starttime="20201115 19:19:35.463" endtime="20201115 19:19:35.555"></status>
</kw>
<kw name="Input Text" library="SeleniumLibrary">
<doc>Types the given ``text`` into the text field identified by ``locator``.</doc>
<arguments>
<arg>css:input[name=password]</arg>
<arg>${Pass}</arg>
</arguments>
<msg timestamp="20201115 19:19:35.556" level="INFO">Typing text 'jarvis!' into text field 'css:input[name=password]'.</msg>
<status status="PASS" starttime="20201115 19:19:35.556" endtime="20201115 19:19:35.647"></status>
</kw>
<kw name="Click Element" library="SeleniumLibrary">
<doc>Click the element identified by ``locator``.</doc>
<arguments>
<arg>xpath://*[@id="login"]/button/i</arg>
</arguments>
<msg timestamp="20201115 19:19:35.647" level="INFO">Clicking element 'xpath://*[@id="login"]/button/i'.</msg>
<status status="PASS" starttime="20201115 19:19:35.647" endtime="20201115 19:19:36.057"></status>
</kw>
<status status="PASS" starttime="20201115 19:19:35.462" endtime="20201115 19:19:36.057"></status>
</kw>
<kw name="Should See Logged User">
<arguments>
<arg>Tony Stark</arg>
</arguments>
<kw name="Page Should Contain" library="SeleniumLibrary">
<doc>Verifies that current page contains ``text``.</doc>
<arguments>
<arg>Olá, ${user_logged}. Você acessou a área logada!</arg>
</arguments>
<msg timestamp="20201115 19:19:36.076" level="INFO">Current page contains text 'Olá, Tony Stark. Você acessou a área logada!'.</msg>
<status status="PASS" starttime="20201115 19:19:36.059" endtime="20201115 19:19:36.076"></status>
</kw>
<status status="PASS" starttime="20201115 19:19:36.058" endtime="20201115 19:19:36.077"></status>
</kw>
<kw name="Encerra sessão" library="base" type="teardown">
<kw name="Capture Page Screenshot" library="SeleniumLibrary">
<doc>Takes a screenshot of the current page and embeds it into a log file.</doc>
<msg timestamp="20201115 19:19:36.379" level="INFO" html="yes">&lt;/td&gt;&lt;/tr&gt;&lt;tr&gt;&lt;td colspan="3"&gt;&lt;a href="selenium-screenshot-14.png"&gt;&lt;img src="selenium-screenshot-14.png" width="800px"&gt;&lt;/a&gt;</msg>
<status status="PASS" starttime="20201115 19:19:36.078" endtime="20201115 19:19:36.380"></status>
</kw>
<kw name="Close Browser" library="SeleniumLibrary">
<doc>Closes the current browser.</doc>
<status status="PASS" starttime="20201115 19:19:36.380" endtime="20201115 19:19:38.748"></status>
</kw>
<status status="PASS" starttime="20201115 19:19:36.077" endtime="20201115 19:19:38.749"></status>
</kw>
<status status="PASS" starttime="20201115 19:19:28.461" endtime="20201115 19:19:38.750" critical="yes"></status>
</test>
<test id="s1-t2" name="Senha inválida e validando a mensagem e se está sendo exibido no elemento certo">
<kw name="Nova sessão" library="base" type="setup">
<kw name="Open Browser" library="SeleniumLibrary">
<doc>Opens a new browser instance to the optional ``url``.</doc>
<arguments>
<arg>${url}</arg>
<arg>chrome</arg>
</arguments>
<msg timestamp="20201115 19:19:38.762" level="INFO">Opening browser 'chrome' to base url 'https://training-wheels-protocol.herokuapp.com/'.</msg>
<status status="PASS" starttime="20201115 19:19:38.761" endtime="20201115 19:19:46.032"></status>
</kw>
<status status="PASS" starttime="20201115 19:19:38.760" endtime="20201115 19:19:46.032"></status>
</kw>
<kw name="Go To" library="SeleniumLibrary">
<doc>Navigates the current browser window to the provided ``url``.</doc>
<arguments>
<arg>${url}/login</arg>
</arguments>
<msg timestamp="20201115 19:19:46.033" level="INFO">Opening url 'https://training-wheels-protocol.herokuapp.com//login'</msg>
<status status="PASS" starttime="20201115 19:19:46.033" endtime="20201115 19:19:46.750"></status>
</kw>
<kw name="Login With">
<arguments>
<arg>stark</arg>
<arg>abc123</arg>
</arguments>
<kw name="Input Text" library="SeleniumLibrary">
<doc>Types the given ``text`` into the text field identified by ``locator``.</doc>
<arguments>
<arg>css:input[name=username]</arg>
<arg>${UName}</arg>
</arguments>
<msg timestamp="20201115 19:19:46.752" level="INFO">Typing text 'stark' into text field 'css:input[name=username]'.</msg>
<status status="PASS" starttime="20201115 19:19:46.752" endtime="20201115 19:19:46.836"></status>
</kw>
<kw name="Input Text" library="SeleniumLibrary">
<doc>Types the given ``text`` into the text field identified by ``locator``.</doc>
<arguments>
<arg>css:input[name=password]</arg>
<arg>${Pass}</arg>
</arguments>
<msg timestamp="20201115 19:19:46.836" level="INFO">Typing text 'abc123' into text field 'css:input[name=password]'.</msg>
<status status="PASS" starttime="20201115 19:19:46.836" endtime="20201115 19:19:46.923"></status>
</kw>
<kw name="Click Element" library="SeleniumLibrary">
<doc>Click the element identified by ``locator``.</doc>
<arguments>
<arg>xpath://*[@id="login"]/button/i</arg>
</arguments>
<msg timestamp="20201115 19:19:46.924" level="INFO">Clicking element 'xpath://*[@id="login"]/button/i'.</msg>
<status status="PASS" starttime="20201115 19:19:46.923" endtime="20201115 19:19:47.286"></status>
</kw>
<status status="PASS" starttime="20201115 19:19:46.751" endtime="20201115 19:19:47.286"></status>
</kw>
<kw name="Should Contain Login Alert">
<arguments>
<arg>Senha é invalida</arg>
</arguments>
<kw name="Get WebElement" library="SeleniumLibrary">
<doc>Returns the first WebElement matching the given ``locator``.</doc>
<arguments>
<arg>id:flash</arg>
</arguments>
<assign>
<var>${message}</var>
</assign>
<msg timestamp="20201115 19:19:47.298" level="INFO">${message} = &lt;selenium.webdriver.remote.webelement.WebElement (session="5fa194e189438124c4a9afdf2fc25b45", element="5efd98b1-d4cf-4521-aed2-31eb6370788e")&gt;</msg>
<status status="PASS" starttime="20201115 19:19:47.287" endtime="20201115 19:19:47.298"></status>
</kw>
<kw name="Should Contain" library="BuiltIn">
<doc>Fails if ``container`` does not contain ``item`` one or more times.</doc>
<arguments>
<arg>${message.text}</arg>
<arg>${expect_message}</arg>
</arguments>
<status status="PASS" starttime="20201115 19:19:47.299" endtime="20201115 19:19:47.314"></status>
</kw>
<status status="PASS" starttime="20201115 19:19:47.287" endtime="20201115 19:19:47.314"></status>
</kw>
<kw name="Encerra sessão" library="base" type="teardown">
<kw name="Capture Page Screenshot" library="SeleniumLibrary">
<doc>Takes a screenshot of the current page and embeds it into a log file.</doc>
<msg timestamp="20201115 19:19:47.611" level="INFO" html="yes">&lt;/td&gt;&lt;/tr&gt;&lt;tr&gt;&lt;td colspan="3"&gt;&lt;a href="selenium-screenshot-15.png"&gt;&lt;img src="selenium-screenshot-15.png" width="800px"&gt;&lt;/a&gt;</msg>
<status status="PASS" starttime="20201115 19:19:47.315" endtime="20201115 19:19:47.611"></status>
</kw>
<kw name="Close Browser" library="SeleniumLibrary">
<doc>Closes the current browser.</doc>
<status status="PASS" starttime="20201115 19:19:47.611" endtime="20201115 19:19:49.723"></status>
</kw>
<status status="PASS" starttime="20201115 19:19:47.315" endtime="20201115 19:19:49.723"></status>
</kw>
<tags>
<tag>login_error</tag>
</tags>
<status status="PASS" starttime="20201115 19:19:38.757" endtime="20201115 19:19:49.725" critical="yes"></status>
</test>
<test id="s1-t3" name="Usuário não existente e validando a mensagem e se está sendo exibido no elemento certo">
<kw name="Nova sessão" library="base" type="setup">
<kw name="Open Browser" library="SeleniumLibrary">
<doc>Opens a new browser instance to the optional ``url``.</doc>
<arguments>
<arg>${url}</arg>
<arg>chrome</arg>
</arguments>
<msg timestamp="20201115 19:19:49.738" level="INFO">Opening browser 'chrome' to base url 'https://training-wheels-protocol.herokuapp.com/'.</msg>
<status status="PASS" starttime="20201115 19:19:49.737" endtime="20201115 19:19:56.898"></status>
</kw>
<status status="PASS" starttime="20201115 19:19:49.735" endtime="20201115 19:19:56.899"></status>
</kw>
<kw name="Go To" library="SeleniumLibrary">
<doc>Navigates the current browser window to the provided ``url``.</doc>
<arguments>
<arg>${url}/login</arg>
</arguments>
<msg timestamp="20201115 19:19:56.903" level="INFO">Opening url 'https://training-wheels-protocol.herokuapp.com//login'</msg>
<status status="PASS" starttime="20201115 19:19:56.901" endtime="20201115 19:19:57.611"></status>
</kw>
<kw name="Login With">
<arguments>
<arg>Pet123</arg>
<arg>abc123</arg>
</arguments>
<kw name="Input Text" library="SeleniumLibrary">
<doc>Types the given ``text`` into the text field identified by ``locator``.</doc>
<arguments>
<arg>css:input[name=username]</arg>
<arg>${UName}</arg>
</arguments>
<msg timestamp="20201115 19:19:57.612" level="INFO">Typing text 'Pet123' into text field 'css:input[name=username]'.</msg>
<status status="PASS" starttime="20201115 19:19:57.612" endtime="20201115 19:19:57.714"></status>
</kw>
<kw name="Input Text" library="SeleniumLibrary">
<doc>Types the given ``text`` into the text field identified by ``locator``.</doc>
<arguments>
<arg>css:input[name=password]</arg>
<arg>${Pass}</arg>
</arguments>
<msg timestamp="20201115 19:19:57.714" level="INFO">Typing text 'abc123' into text field 'css:input[name=password]'.</msg>
<status status="PASS" starttime="20201115 19:19:57.714" endtime="20201115 19:19:57.811"></status>
</kw>
<kw name="Click Element" library="SeleniumLibrary">
<doc>Click the element identified by ``locator``.</doc>
<arguments>
<arg>xpath://*[@id="login"]/button/i</arg>
</arguments>
<msg timestamp="20201115 19:19:57.811" level="INFO">Clicking element 'xpath://*[@id="login"]/button/i'.</msg>
<status status="PASS" starttime="20201115 19:19:57.811" endtime="20201115 19:19:58.238"></status>
</kw>
<status status="PASS" starttime="20201115 19:19:57.611" endtime="20201115 19:19:58.239"></status>
</kw>
<kw name="Should Contain Login Alert">
<arguments>
<arg>O usuário informado não está cadastrado!</arg>
</arguments>
<kw name="Get WebElement" library="SeleniumLibrary">
<doc>Returns the first WebElement matching the given ``locator``.</doc>
<arguments>
<arg>id:flash</arg>
</arguments>
<assign>
<var>${message}</var>
</assign>
<msg timestamp="20201115 19:19:58.253" level="INFO">${message} = &lt;selenium.webdriver.remote.webelement.WebElement (session="8284a23256ea42157b8bbddd0087fbd3", element="fa102da2-2da6-4c2c-947e-7513ae02aaaa")&gt;</msg>
<status status="PASS" starttime="20201115 19:19:58.240" endtime="20201115 19:19:58.253"></status>
</kw>
<kw name="Should Contain" library="BuiltIn">
<doc>Fails if ``container`` does not contain ``item`` one or more times.</doc>
<arguments>
<arg>${message.text}</arg>
<arg>${expect_message}</arg>
</arguments>
<status status="PASS" starttime="20201115 19:19:58.253" endtime="20201115 19:19:58.268"></status>
</kw>
<status status="PASS" starttime="20201115 19:19:58.239" endtime="20201115 19:19:58.268"></status>
</kw>
<kw name="Encerra sessão" library="base" type="teardown">
<kw name="Capture Page Screenshot" library="SeleniumLibrary">
<doc>Takes a screenshot of the current page and embeds it into a log file.</doc>
<msg timestamp="20201115 19:19:58.563" level="INFO" html="yes">&lt;/td&gt;&lt;/tr&gt;&lt;tr&gt;&lt;td colspan="3"&gt;&lt;a href="selenium-screenshot-16.png"&gt;&lt;img src="selenium-screenshot-16.png" width="800px"&gt;&lt;/a&gt;</msg>
<status status="PASS" starttime="20201115 19:19:58.269" endtime="20201115 19:19:58.564"></status>
</kw>
<kw name="Close Browser" library="SeleniumLibrary">
<doc>Closes the current browser.</doc>
<status status="PASS" starttime="20201115 19:19:58.564" endtime="20201115 19:20:01.757"></status>
</kw>
<status status="PASS" starttime="20201115 19:19:58.269" endtime="20201115 19:20:01.757"></status>
</kw>
<tags>
<tag>login_error</tag>
</tags>
<status status="PASS" starttime="20201115 19:19:49.732" endtime="20201115 19:20:01.759" critical="yes"></status>
</test>
<status status="PASS" starttime="20201115 19:19:28.199" endtime="20201115 19:20:01.768"></status>
</suite>
<statistics>
<total>
<stat pass="3" fail="0">Critical Tests</stat>
<stat pass="3" fail="0">All Tests</stat>
</total>
<tag>
<stat pass="2" fail="0">login_error</stat>
</tag>
<suite>
<stat pass="3" fail="0" id="s1" name="Login Form">Login Form</stat>
</suite>
</statistics>
<errors>
</errors>
</robot>
