<?xml version="1.0" encoding="UTF-8"?>
<robot generator="Robot 3.2.2 (Python 3.9.0 on win32)" generated="20201115 18:55:17.515" rpa="false">
<suite id="s1" name="Tests" source="C:\QA Ninja\robot-framework\web\tests">
<suite id="s1-s1" name="Login Form" source="C:\QA Ninja\robot-framework\web\tests\login_form.robot">
<test id="s1-s1-t1" name="Senha inválida e validando a mensagem e se está sendo exibido no elemento certo">
<kw name="Nova sessão" library="base" type="setup">
<kw name="Open Browser" library="SeleniumLibrary">
<doc>Opens a new browser instance to the optional ``url``.</doc>
<arguments>
<arg>${url}</arg>
<arg>chrome</arg>
</arguments>
<msg timestamp="20201115 18:55:17.788" level="INFO">Opening browser 'chrome' to base url 'https://training-wheels-protocol.herokuapp.com/'.</msg>
<status status="PASS" starttime="20201115 18:55:17.788" endtime="20201115 18:55:24.515"></status>
</kw>
<status status="PASS" starttime="20201115 18:55:17.787" endtime="20201115 18:55:24.516"></status>
</kw>
<kw name="Go To" library="SeleniumLibrary">
<doc>Navigates the current browser window to the provided ``url``.</doc>
<arguments>
<arg>${url}/login</arg>
</arguments>
<msg timestamp="20201115 18:55:24.519" level="INFO">Opening url 'https://training-wheels-protocol.herokuapp.com//login'</msg>
<status status="PASS" starttime="20201115 18:55:24.518" endtime="20201115 18:55:25.283"></status>
</kw>
<kw name="Input Text" library="SeleniumLibrary">
<doc>Types the given ``text`` into the text field identified by ``locator``.</doc>
<arguments>
<arg>css:input[name=username]</arg>
<arg>stark</arg>
</arguments>
<msg timestamp="20201115 18:55:25.286" level="INFO">Typing text 'stark' into text field 'css:input[name=username]'.</msg>
<status status="PASS" starttime="20201115 18:55:25.285" endtime="20201115 18:55:25.586"></status>
</kw>
<kw name="Input Text" library="SeleniumLibrary">
<doc>Types the given ``text`` into the text field identified by ``locator``.</doc>
<arguments>
<arg>css:input[name=password]</arg>
<arg>abc123</arg>
</arguments>
<msg timestamp="20201115 18:55:25.588" level="INFO">Typing text 'abc123' into text field 'css:input[name=password]'.</msg>
<status status="PASS" starttime="20201115 18:55:25.587" endtime="20201115 18:55:25.697"></status>
</kw>
<kw name="Click Element" library="SeleniumLibrary">
<doc>Click the element identified by ``locator``.</doc>
<arguments>
<arg>xpath://*[@id="login"]/button/i</arg>
</arguments>
<msg timestamp="20201115 18:55:25.698" level="INFO">Clicking element 'xpath://*[@id="login"]/button/i'.</msg>
<status status="PASS" starttime="20201115 18:55:25.698" endtime="20201115 18:55:26.292"></status>
</kw>
<kw name="Get WebElement" library="SeleniumLibrary">
<doc>Returns the first WebElement matching the given ``locator``.</doc>
<arguments>
<arg>id:flash</arg>
</arguments>
<assign>
<var>${message}</var>
</assign>
<msg timestamp="20201115 18:55:26.308" level="INFO">${message} = &lt;selenium.webdriver.remote.webelement.WebElement (session="2c76260450a82f3575d18324d9bc1d68", element="3212f84e-cc1a-4e07-b822-d771c73ae349")&gt;</msg>
<status status="PASS" starttime="20201115 18:55:26.294" endtime="20201115 18:55:26.308"></status>
</kw>
<kw name="Should Contain" library="BuiltIn">
<doc>Fails if ``container`` does not contain ``item`` one or more times.</doc>
<arguments>
<arg>${message.text}</arg>
<arg>Senha é invalida</arg>
</arguments>
<status status="PASS" starttime="20201115 18:55:26.309" endtime="20201115 18:55:26.327"></status>
</kw>
<kw name="Encerra sessão" library="base" type="teardown">
<kw name="Capture Page Screenshot" library="SeleniumLibrary">
<doc>Takes a screenshot of the current page and embeds it into a log file.</doc>
<msg timestamp="20201115 18:55:26.775" level="INFO" html="yes">&lt;/td&gt;&lt;/tr&gt;&lt;tr&gt;&lt;td colspan="3"&gt;&lt;a href="selenium-screenshot-12.png"&gt;&lt;img src="selenium-screenshot-12.png" width="800px"&gt;&lt;/a&gt;</msg>
<status status="PASS" starttime="20201115 18:55:26.329" endtime="20201115 18:55:26.775"></status>
</kw>
<kw name="Close Browser" library="SeleniumLibrary">
<doc>Closes the current browser.</doc>
<status status="PASS" starttime="20201115 18:55:26.775" endtime="20201115 18:55:28.897"></status>
</kw>
<status status="PASS" starttime="20201115 18:55:26.328" endtime="20201115 18:55:28.897"></status>
</kw>
<tags>
<tag>login_error</tag>
</tags>
<status status="PASS" starttime="20201115 18:55:17.786" endtime="20201115 18:55:28.899" critical="yes"></status>
</test>
<test id="s1-s1-t2" name="Usuário não existente e validando a mensagem e se está sendo exibido no elemento certo">
<kw name="Nova sessão" library="base" type="setup">
<kw name="Open Browser" library="SeleniumLibrary">
<doc>Opens a new browser instance to the optional ``url``.</doc>
<arguments>
<arg>${url}</arg>
<arg>chrome</arg>
</arguments>
<msg timestamp="20201115 18:55:28.906" level="INFO">Opening browser 'chrome' to base url 'https://training-wheels-protocol.herokuapp.com/'.</msg>
<status status="PASS" starttime="20201115 18:55:28.905" endtime="20201115 18:55:44.601"></status>
</kw>
<status status="PASS" starttime="20201115 18:55:28.905" endtime="20201115 18:55:44.601"></status>
</kw>
<kw name="Go To" library="SeleniumLibrary">
<doc>Navigates the current browser window to the provided ``url``.</doc>
<arguments>
<arg>${url}/login</arg>
</arguments>
<msg timestamp="20201115 18:55:44.602" level="INFO">Opening url 'https://training-wheels-protocol.herokuapp.com//login'</msg>
<status status="PASS" starttime="20201115 18:55:44.602" endtime="20201115 18:55:45.004"></status>
</kw>
<kw name="Input Text" library="SeleniumLibrary">
<doc>Types the given ``text`` into the text field identified by ``locator``.</doc>
<arguments>
<arg>css:input[name=username]</arg>
<arg>pet</arg>
</arguments>
<msg timestamp="20201115 18:55:45.005" level="INFO">Typing text 'pet' into text field 'css:input[name=username]'.</msg>
<status status="PASS" starttime="20201115 18:55:45.005" endtime="20201115 18:55:45.095"></status>
</kw>
<kw name="Input Text" library="SeleniumLibrary">
<doc>Types the given ``text`` into the text field identified by ``locator``.</doc>
<arguments>
<arg>css:input[name=password]</arg>
<arg>abc123</arg>
</arguments>
<msg timestamp="20201115 18:55:45.095" level="INFO">Typing text 'abc123' into text field 'css:input[name=password]'.</msg>
<status status="PASS" starttime="20201115 18:55:45.095" endtime="20201115 18:55:45.189"></status>
</kw>
<kw name="Click Element" library="SeleniumLibrary">
<doc>Click the element identified by ``locator``.</doc>
<arguments>
<arg>xpath://*[@id="login"]/button/i</arg>
</arguments>
<msg timestamp="20201115 18:55:45.189" level="INFO">Clicking element 'xpath://*[@id="login"]/button/i'.</msg>
<status status="PASS" starttime="20201115 18:55:45.189" endtime="20201115 18:55:45.799"></status>
</kw>
<kw name="Get WebElement" library="SeleniumLibrary">
<doc>Returns the first WebElement matching the given ``locator``.</doc>
<arguments>
<arg>id:flash</arg>
</arguments>
<assign>
<var>${message}</var>
</assign>
<msg timestamp="20201115 18:55:45.838" level="INFO">${message} = &lt;selenium.webdriver.remote.webelement.WebElement (session="e54c736090dc49a3e39f8fc9ad046de2", element="afe5454e-276a-4a77-914d-8f04379186a0")&gt;</msg>
<status status="PASS" starttime="20201115 18:55:45.800" endtime="20201115 18:55:45.838"></status>
</kw>
<kw name="Should Contain" library="BuiltIn">
<doc>Fails if ``container`` does not contain ``item`` one or more times.</doc>
<arguments>
<arg>${message.text}</arg>
<arg>O usuário informado não está cadastrado!</arg>
</arguments>
<status status="PASS" starttime="20201115 18:55:45.839" endtime="20201115 18:55:45.888"></status>
</kw>
<kw name="Encerra sessão" library="base" type="teardown">
<kw name="Capture Page Screenshot" library="SeleniumLibrary">
<doc>Takes a screenshot of the current page and embeds it into a log file.</doc>
<msg timestamp="20201115 18:55:46.288" level="INFO" html="yes">&lt;/td&gt;&lt;/tr&gt;&lt;tr&gt;&lt;td colspan="3"&gt;&lt;a href="selenium-screenshot-13.png"&gt;&lt;img src="selenium-screenshot-13.png" width="800px"&gt;&lt;/a&gt;</msg>
<status status="PASS" starttime="20201115 18:55:45.891" endtime="20201115 18:55:46.288"></status>
</kw>
<kw name="Close Browser" library="SeleniumLibrary">
<doc>Closes the current browser.</doc>
<status status="PASS" starttime="20201115 18:55:46.288" endtime="20201115 18:55:48.406"></status>
</kw>
<status status="PASS" starttime="20201115 18:55:45.890" endtime="20201115 18:55:48.407"></status>
</kw>
<tags>
<tag>login_error</tag>
</tags>
<status status="PASS" starttime="20201115 18:55:28.904" endtime="20201115 18:55:48.409" critical="yes"></status>
</test>
<status status="PASS" starttime="20201115 18:55:17.547" endtime="20201115 18:55:48.420"></status>
</suite>
<status status="PASS" starttime="20201115 18:55:17.517" endtime="20201115 18:55:48.443"></status>
</suite>
<statistics>
<total>
<stat pass="2" fail="0">Critical Tests</stat>
<stat pass="2" fail="0">All Tests</stat>
</total>
<tag>
<stat pass="2" fail="0">login_error</stat>
</tag>
<suite>
<stat pass="2" fail="0" id="s1" name="Tests">Tests</stat>
<stat pass="2" fail="0" id="s1-s1" name="Login Form">Tests.Login Form</stat>
</suite>
</statistics>
<errors>
</errors>
</robot>
