<?xml version="1.0" encoding="UTF-8"?>
<robot generator="Robot 3.2.2 (Python 3.9.0 on win32)" generated="20201114 20:46:48.824" rpa="false">
<suite id="s1" name="Title" source="C:\QA Ninja\robot-framework\web\title.robot">
<test id="s1-t1" name="Deve validar o Tiulo">
<kw name="Open Browser" library="SeleniumLibrary">
<doc>Opens a new browser instance to the optional ``url``.</doc>
<arguments>
<arg>https://training-wheels-protocol.herokuapp.com/</arg>
<arg>chrome</arg>
</arguments>
<msg timestamp="20201114 20:46:49.176" level="INFO">Opening browser 'chrome' to base url 'https://training-wheels-protocol.herokuapp.com/'.</msg>
<status status="PASS" starttime="20201114 20:46:49.175" endtime="20201114 20:46:56.857"></status>
</kw>
<kw name="Title Should Be" library="SeleniumLibrary">
<doc>Verifies that the current page title equals ``title``.</doc>
<arguments>
<arg>Training Wheels Protocol</arg>
</arguments>
<msg timestamp="20201114 20:46:56.863" level="INFO">Page title is 'Training Wheels Protocol'.</msg>
<status status="PASS" starttime="20201114 20:46:56.858" endtime="20201114 20:46:56.863"></status>
</kw>
<kw name="Close Browser" library="SeleniumLibrary">
<doc>Closes the current browser.</doc>
<status status="PASS" starttime="20201114 20:46:56.864" endtime="20201114 20:46:59.342"></status>
</kw>
<status status="PASS" starttime="20201114 20:46:49.174" endtime="20201114 20:46:59.344" critical="yes"></status>
</test>
<status status="PASS" starttime="20201114 20:46:48.825" endtime="20201114 20:46:59.347"></status>
</suite>
<statistics>
<total>
<stat pass="1" fail="0">Critical Tests</stat>
<stat pass="1" fail="0">All Tests</stat>
</total>
<tag>
</tag>
<suite>
<stat pass="1" fail="0" id="s1" name="Title">Title</stat>
</suite>
</statistics>
<errors>
</errors>
</robot>
